<?xml version="1.0" encoding="UTF-8"?>
<testsuite xmlns:xsi="http://www.w3.org/2001/XMLSchema-instance" xsi:noNamespaceSchemaLocation="https://maven.apache.org/surefire/maven-surefire-plugin/xsd/surefire-test-report-3.0.xsd" version="3.0" name="TestRunner.RunTest" time="55.833" tests="3" errors="0" skipped="0" failures="0">
  <properties>
[...]
</properties>
  <testcase name="User should login successfully with valid credential" classname="User login and Register a patient successfully" time="10.125">
    <system-out><![CDATA[
Scenario: User should login successfully with valid credential # src/test/java/Features/Login.feature:4
  Given Launch SignIn page                                     # StepDef.StepActions.load_sign_in_page()
  When Enter username and password                             # StepDef.StepActions.enter_username_and_password()
  Then User should be logged in successfully                   # StepDef.StepActions.user_should_be_in_home_page()
]]></system-out>
    <system-err><![CDATA[Mar 04, 2025 10:51:36 AM org.openqa.selenium.devtools.CdpVersionFinder findNearestMatch
WARNING: Unable to find an exact match for CDP version 133, returning the closest version; found: 131; Please update to a Selenium version that supports CDP version 133
]]></system-err>
  </testcase>
  <testcase name="Register a patient" classname="User login and Register a patient successfully" time="21.698">
    <system-out><![CDATA[
Scenario: Register a patient                                 # src/test/java/Features/Login.feature:12
  Given Launch SignIn page                                   # StepDef.StepActions.load_sign_in_page()
  When Enter username and password                           # StepDef.StepActions.enter_username_and_password()
  And User should be logged in successfully                  # StepDef.StepActions.user_should_be_in_home_page()
  And Click on Register a patient                            # StepDef.StepActions.clicks_on_register_a_patient()
  And Enter demographics informations                        # StepDef.StepActions.enter_demographics_informations()
  And Enter contactinfo                                      # StepDef.StepActions.enter_contactinfo()
  And Enter retaionships                                     # StepDef.StepActions.enter_retaionships()
  Then Click on confirm Patient should register successfully # StepDef.StepActions.clicks_on_confirm_patient_should_register_successfully()
]]></system-out>
    <system-err><![CDATA[Mar 04, 2025 10:51:46 AM org.openqa.selenium.devtools.CdpVersionFinder findNearestMatch
WARNING: Unable to find an exact match for CDP version 133, returning the closest version; found: 131; Please update to a Selenium version that supports CDP version 133
]]></system-err>
  </testcase>
  <testcase name="Update a patient" classname="User login and Register a patient successfully" time="23.274">
    <system-out><![CDATA[
Scenario: Update a patient                                              # src/test/java/Features/Login.feature:24
  Given Launch SignIn page                                              # StepDef.StepActions.load_sign_in_page()
  When Enter username and password                                      # StepDef.StepActions.enter_username_and_password()
  And User should be logged in successfully                             # StepDef.StepActions.user_should_be_in_home_page()
  And Click on Find Patient Record                                      # StepDef.StepActions.clicks_on_find_patient_record()
  And Enter search by name                                              # StepDef.StepActions.enter_search_by_name()
  And Select search patient                                             # StepDef.StepActions.select_search_patient()
  And Click on edit                                                     # StepDef.StepActions.clicks_on_edit()
  And Update patient name and save                                      # StepDef.StepActions.update_patient_name_and_save()
  Then Click on confirm and patient name should be updated successfully # StepDef.StepActions.clicks_on_confirm_and_patient_name_should_update_successfully()
]]></system-out>
    <system-err><![CDATA[Mar 04, 2025 10:52:08 AM org.openqa.selenium.devtools.CdpVersionFinder findNearestMatch
WARNING: Unable to find an exact match for CDP version 133, returning the closest version; found: 131; Please update to a Selenium version that supports CDP version 133
Mar 04, 2025 10:52:28 AM org.openqa.selenium.remote.http.WebSocket$Listener onError
WARNING: Connection reset
java.net.SocketException: Connection reset
	at java.base/sun.nio.ch.SocketChannelImpl.throwConnectionReset(SocketChannelImpl.java:401)
	at java.base/sun.nio.ch.SocketChannelImpl.read(SocketChannelImpl.java:434)
	at java.net.http/jdk.internal.net.http.SocketTube.readAvailable(SocketTube.java:1178)
	at java.net.http/jdk.internal.net.http.SocketTube$InternalReadPublisher$InternalReadSubscription.read(SocketTube.java:841)
	at java.net.http/jdk.internal.net.http.SocketTube$SocketFlowTask.run(SocketTube.java:181)
	at java.net.http/jdk.internal.net.http.common.SequentialScheduler$SchedulableTask.run(SequentialScheduler.java:207)
	at java.net.http/jdk.internal.net.http.common.SequentialScheduler.runOrSchedule(SequentialScheduler.java:280)
	at java.net.http/jdk.internal.net.http.common.SequentialScheduler.runOrSchedule(SequentialScheduler.java:233)
	at java.net.http/jdk.internal.net.http.SocketTube$InternalReadPublisher$InternalReadSubscription.signalReadable(SocketTube.java:782)
	at java.net.http/jdk.internal.net.http.SocketTube$InternalReadPublisher$ReadEvent.signalEvent(SocketTube.java:965)
	at java.net.http/jdk.internal.net.http.SocketTube$SocketFlowEvent.handle(SocketTube.java:253)
	at java.net.http/jdk.internal.net.http.HttpClientImpl$SelectorManager.handleEvent(HttpClientImpl.java:1467)
	at java.net.http/jdk.internal.net.http.HttpClientImpl$SelectorManager.lambda$run$3(HttpClientImpl.java:1412)
	at java.base/java.util.ArrayList.forEach(ArrayList.java:1596)
	at java.net.http/jdk.internal.net.http.HttpClientImpl$SelectorManager.run(HttpClientImpl.java:1412)

]]></system-err>
  </testcase>
</testsuite>